15:13:48,336 INFO  [org.jboss.modules] (main) JBoss Modules version 1.3.7.Final-redhat-1
15:13:48,454 INFO  [org.jboss.msc] (main) JBoss MSC version 1.1.5.Final-redhat-1
15:13:48,512 INFO  [org.jboss.as] (MSC service thread 1-6) JBAS015899: JBoss EAP 6.4.5.Alpha1 (AS 7.5.5.Final-redhat-SNAPSHOT) starting
15:13:48,517 DEBUG [org.jboss.as.config] (MSC service thread 1-6) Configured system properties:
	awt.toolkit = sun.awt.X11.XToolkit
	file.encoding = UTF-8
	file.encoding.pkg = sun.io
	file.separator = /
	java.awt.graphicsenv = sun.awt.X11GraphicsEnvironment
	java.awt.printerjob = sun.print.PSPrinterJob
	java.class.path = /home/panos/NetBeansProjects/gitOfficial/jboss-eap-EAP-6.4.x.x.2/build/target/jboss-as-7.5.5.Final-redhat-SNAPSHOT/jboss-modules.jar
	java.class.version = 52.0
	java.endorsed.dirs = /usr/java/jdk1.8.0_20/jre/lib/endorsed
	java.ext.dirs = /usr/java/jdk1.8.0_20/jre/lib/ext:/usr/java/packages/lib/ext
	java.home = /usr/java/jdk1.8.0_20/jre
	java.io.tmpdir = /tmp
	java.library.path = /usr/java/packages/lib/amd64:/usr/lib64:/lib64:/lib:/usr/lib
	java.runtime.name = Java(TM) SE Runtime Environment
	java.runtime.version = 1.8.0_20-b26
	java.specification.name = Java Platform API Specification
	java.specification.vendor = Oracle Corporation
	java.specification.version = 1.8
	java.util.logging.manager = org.jboss.logmanager.LogManager
	java.vendor = Oracle Corporation
	java.vendor.url = http://java.oracle.com/
	java.vendor.url.bug = http://bugreport.sun.com/bugreport/
	java.version = 1.8.0_20
	java.vm.info = mixed mode
	java.vm.name = Java HotSpot(TM) 64-Bit Server VM
	java.vm.specification.name = Java Virtual Machine Specification
	java.vm.specification.vendor = Oracle Corporation
	java.vm.specification.version = 1.8
	java.vm.vendor = Oracle Corporation
	java.vm.version = 25.20-b23
	javax.management.builder.initial = org.jboss.as.jmx.PluggableMBeanServerBuilder
	javax.xml.datatype.DatatypeFactory = __redirected.__DatatypeFactory
	javax.xml.parsers.DocumentBuilderFactory = __redirected.__DocumentBuilderFactory
	javax.xml.parsers.SAXParserFactory = __redirected.__SAXParserFactory
	javax.xml.stream.XMLEventFactory = __redirected.__XMLEventFactory
	javax.xml.stream.XMLInputFactory = __redirected.__XMLInputFactory
	javax.xml.stream.XMLOutputFactory = __redirected.__XMLOutputFactory
	javax.xml.transform.TransformerFactory = __redirected.__TransformerFactory
	javax.xml.validation.SchemaFactory:http://www.w3.org/2001/XMLSchema = __redirected.__SchemaFactory
	javax.xml.xpath.XPathFactory:http://java.sun.com/jaxp/xpath/dom = __redirected.__XPathFactory
	jboss.bundles.dir = /home/panos/NetBeansProjects/gitOfficial/jboss-eap-EAP-6.4.x.x.2/build/target/jboss-as-7.5.5.Final-redhat-SNAPSHOT//bundles
	jboss.home.dir = /home/panos/NetBeansProjects/gitOfficial/jboss-eap-EAP-6.4.x.x.2/build/target/jboss-as-7.5.5.Final-redhat-SNAPSHOT
	jboss.host.name = 127
	jboss.modules.dir = /home/panos/NetBeansProjects/gitOfficial/jboss-eap-EAP-6.4.x.x.2/build/target/jboss-as-7.5.5.Final-redhat-SNAPSHOT/modules
	jboss.node.name = 127
	jboss.qualified.host.name = 127.0.0.1 panos.redhat.com
	jboss.server.base.dir = /home/panos/NetBeansProjects/gitOfficial/jboss-eap-EAP-6.4.x.x.2/build/target/jboss-as-7.5.5.Final-redhat-SNAPSHOT/standalone
	jboss.server.config.dir = /home/panos/NetBeansProjects/gitOfficial/jboss-eap-EAP-6.4.x.x.2/build/target/jboss-as-7.5.5.Final-redhat-SNAPSHOT/standalone/configuration
	jboss.server.data.dir = /home/panos/NetBeansProjects/gitOfficial/jboss-eap-EAP-6.4.x.x.2/build/target/jboss-as-7.5.5.Final-redhat-SNAPSHOT/standalone/data
	jboss.server.deploy.dir = /home/panos/NetBeansProjects/gitOfficial/jboss-eap-EAP-6.4.x.x.2/build/target/jboss-as-7.5.5.Final-redhat-SNAPSHOT/standalone/data/content
	jboss.server.log.dir = /home/panos/NetBeansProjects/gitOfficial/jboss-eap-EAP-6.4.x.x.2/build/target/jboss-as-7.5.5.Final-redhat-SNAPSHOT/standalone/log
	jboss.server.name = 127
	jboss.server.persist.config = true
	jboss.server.temp.dir = /home/panos/NetBeansProjects/gitOfficial/jboss-eap-EAP-6.4.x.x.2/build/target/jboss-as-7.5.5.Final-redhat-SNAPSHOT/standalone/tmp
	line.separator = 

	logging.configuration = file:/home/panos/NetBeansProjects/gitOfficial/jboss-eap-EAP-6.4.x.x.2/build/target/jboss-as-7.5.5.Final-redhat-SNAPSHOT//standalone/configuration/logging.properties
	module.path = /home/panos/NetBeansProjects/gitOfficial/jboss-eap-EAP-6.4.x.x.2/build/target/jboss-as-7.5.5.Final-redhat-SNAPSHOT//modules
	org.jboss.boot.log.file = /home/panos/NetBeansProjects/gitOfficial/jboss-eap-EAP-6.4.x.x.2/build/target/jboss-as-7.5.5.Final-redhat-SNAPSHOT//standalone/log/boot.log
	org.jboss.resolver.warning = true
	org.xml.sax.driver = __redirected.__XMLReaderFactory
	os.arch = amd64
	os.name = Linux
	os.version = 4.0.8-300.fc22.x86_64
	path.separator = :
	sun.arch.data.model = 64
	sun.boot.class.path = /usr/java/jdk1.8.0_20/jre/lib/resources.jar:/usr/java/jdk1.8.0_20/jre/lib/rt.jar:/usr/java/jdk1.8.0_20/jre/lib/sunrsasign.jar:/usr/java/jdk1.8.0_20/jre/lib/jsse.jar:/usr/java/jdk1.8.0_20/jre/lib/jce.jar:/usr/java/jdk1.8.0_20/jre/lib/charsets.jar:/usr/java/jdk1.8.0_20/jre/lib/jfr.jar:/usr/java/jdk1.8.0_20/jre/classes
	sun.boot.library.path = /usr/java/jdk1.8.0_20/jre/lib/amd64
	sun.cpu.endian = little
	sun.cpu.isalist = 
	sun.desktop = gnome
	sun.io.unicode.encoding = UnicodeLittle
	sun.java.command = /home/panos/NetBeansProjects/gitOfficial/jboss-eap-EAP-6.4.x.x.2/build/target/jboss-as-7.5.5.Final-redhat-SNAPSHOT/jboss-modules.jar -mp /home/panos/NetBeansProjects/gitOfficial/jboss-eap-EAP-6.4.x.x.2/build/target/jboss-as-7.5.5.Final-redhat-SNAPSHOT//modules -jaxpmodule javax.xml.jaxp-provider org.jboss.as.standalone -server-config standalone.xml
	sun.java.launcher = SUN_STANDARD
	sun.jnu.encoding = UTF-8
	sun.management.compiler = HotSpot 64-Bit Tiered Compilers
	sun.os.patch.level = unknown
	user.country = US
	user.dir = /home/panos/JBOSS_ADDITIONAL_TESTS/eap-additional-testsuite/modules/testcases/basic/jdkAll/Eap/test-configurations
	user.home = /home/panos
	user.language = en
	user.name = panos
	user.timezone = Europe/Paris
15:13:48,517 DEBUG [org.jboss.as.config] (MSC service thread 1-6) VM Arguments: -Xmx512m -XX:MaxPermSize=128m -ea -Djboss.home.dir=/home/panos/NetBeansProjects/gitOfficial/jboss-eap-EAP-6.4.x.x.2/build/target/jboss-as-7.5.5.Final-redhat-SNAPSHOT/ -Dorg.jboss.boot.log.file=/home/panos/NetBeansProjects/gitOfficial/jboss-eap-EAP-6.4.x.x.2/build/target/jboss-as-7.5.5.Final-redhat-SNAPSHOT//standalone/log/boot.log -Dlogging.configuration=file:/home/panos/NetBeansProjects/gitOfficial/jboss-eap-EAP-6.4.x.x.2/build/target/jboss-as-7.5.5.Final-redhat-SNAPSHOT//standalone/configuration/logging.properties -Djboss.bundles.dir=/home/panos/NetBeansProjects/gitOfficial/jboss-eap-EAP-6.4.x.x.2/build/target/jboss-as-7.5.5.Final-redhat-SNAPSHOT//bundles 
15:13:49,466 INFO  [org.xnio] (MSC service thread 1-9) XNIO Version 3.0.15.GA-redhat-1
15:13:49,471 INFO  [org.jboss.as.server] (Controller Boot Thread) JBAS015888: Creating http management service using socket-binding (management-http)
15:13:49,472 INFO  [org.xnio.nio] (MSC service thread 1-9) XNIO NIO Implementation Version 3.0.15.GA-redhat-1
15:13:49,488 INFO  [org.jboss.remoting] (MSC service thread 1-9) JBoss Remoting version 3.3.6.Final-redhat-1
